#
# There is insufficient memory for the Java Runtime Environment to continue.
# Native memory allocation (mmap) failed to map 65011712 bytes for G1 virtual space
# Possible reasons:
#   The system is out of physical RAM or swap space
#   The process is running with CompressedOops enabled, and the Java Heap may be blocking the growth of the native heap
# Possible solutions:
#   Reduce memory load on the system
#   Increase physical memory or swap space
#   Check if swap backing store is full
#   Decrease Java heap size (-Xmx/-Xms)
#   Decrease number of Java threads
#   Decrease Java thread stack sizes (-Xss)
#   Set larger code cache with -XX:ReservedCodeCacheSize=
#   JVM is running with Unscaled Compressed Oops mode in which the Java heap is
#     placed in the first 4GB address space. The Java Heap base address is the
#     maximum limit for the native heap growth. Please use -XX:HeapBaseMinAddress
#     to set the Java Heap base and to place the Java Heap above 4GB virtual address.
# This output file may be truncated or incomplete.
#
#  Out of Memory Error (os_windows.cpp:3530), pid=23248, tid=9568
#
# JRE version:  (18.0.1+10) (build )
# Java VM: OpenJDK 64-Bit Server VM (18.0.1+10, mixed mode, sharing, tiered, compressed oops, compressed class ptrs, g1 gc, windows-amd64)
# No core dump will be written. Minidumps are not enabled by default on client versions of Windows
#

---------------  S U M M A R Y ------------

Command Line: --module-path=C:\Users\Emilio\Downloads\openjfx-18.0.1_windows-x64_bin-sdk\javafx-sdk-18.0.1\lib --add-modules=javafx.controls,javafx.fxml -Dfile.encoding=UTF-8 -XX:+ShowCodeDetailsInExceptionMessages jeu.Main

Host: Intel(R) Celeron(R) CPU G530 @ 2.40GHz, 2 cores, 3G,  Windows 10 , 64 bit Build 19041 (10.0.19041.1645)
Time: Sun Jun 19 14:28:47 2022 Paris, Madrid elapsed time: 0.122665 seconds (0d 0h 0m 0s)

---------------  T H R E A D  ---------------

Current thread (0x000002195c6fe8e0):  JavaThread "Unknown thread" [_thread_in_vm, id=9568, stack(0x0000009dbe600000,0x0000009dbe700000)]

Stack: [0x0000009dbe600000,0x0000009dbe700000]
Native frames: (J=compiled Java code, j=interpreted, Vv=VM code, C=native code)
V  [jvm.dll+0x69cd4a]
V  [jvm.dll+0x84b63d]
V  [jvm.dll+0x84cf4e]
V  [jvm.dll+0x84d603]
V  [jvm.dll+0x25f19f]
V  [jvm.dll+0x699bb9]
V  [jvm.dll+0x68e6ea]
V  [jvm.dll+0x324e1b]
V  [jvm.dll+0x32c826]
V  [jvm.dll+0x38127e]
V  [jvm.dll+0x3814af]
V  [jvm.dll+0x2fcaba]
V  [jvm.dll+0x2fdb1d]
V  [jvm.dll+0x81a290]
V  [jvm.dll+0x38e611]
V  [jvm.dll+0x7f8f63]
V  [jvm.dll+0x41045f]
V  [jvm.dll+0x411f11]
C  [jli.dll+0x5267]
C  [ucrtbase.dll+0x21bb2]
C  [KERNEL32.DLL+0x17034]
C  [ntdll.dll+0x52651]


---------------  P R O C E S S  ---------------

Threads class SMR info:
_java_thread_list=0x00007ffdfc83de10, length=0, elements={
}

Java Threads: ( => current thread )

Other Threads:
  0x000002195c740890 WorkerThread "GC Thread#0" [stack: 0x0000009dbe700000,0x0000009dbe800000] [id=12104]
  0x000002195c749ae0 ConcurrentGCThread "G1 Main Marker" [stack: 0x0000009dbe800000,0x0000009dbe900000] [id=14752]
  0x000002195c74a4d0 WorkerThread "G1 Conc#0" [stack: 0x0000009dbe900000,0x0000009dbea00000] [id=17348]

[error occurred during error reporting (printing all threads), id 0xc0000005, EXCEPTION_ACCESS_VIOLATION (0xc0000005) at pc=0x00007ffdfbffd0e7]

VM state: not at safepoint (not fully initialized)

VM Mutex/Monitor currently owned by a thread:  ([mutex/lock_event])
[0x000002195c6fac00] Heap_lock - owner thread: 0x000002195c6fe8e0

Heap address: 0x00000000c2400000, size: 988 MB, Compressed Oops mode: 32-bit

CDS archive(s) mapped at: [0x0000000000000000-0x0000000000000000-0x0000000000000000), size 0, SharedBaseAddress: 0x0000000800000000, ArchiveRelocationMode: 0.
Narrow klass base: 0x0000000000000000, Narrow klass shift: 0, Narrow klass range: 0x0

GC Precious Log:
 CardTable entry size: 512
 Card Set container configuration: InlinePtr #cards 5 size 8 Array Of Cards #cards 12 size 40 Howl #buckets 4 coarsen threshold 1843 Howl Bitmap #cards 512 size 80 coarsen threshold 460 Card regions per heap region 1 cards per card region 2048

Heap:
 garbage-first heap   total 0K, used 0K [0x00000000c2400000, 0x0000000100000000)
  region size 1024K, 0 young (0K), 0 survivors (0K)

[error occurred during error reporting (printing heap information), id 0xc0000005, EXCEPTION_ACCESS_VIOLATION (0xc0000005) at pc=0x00007ffdfc3e5109]

GC Heap History (0 events):
No events

Deoptimization events (0 events):
No events

Classes loaded (0 events):
No events

Classes unloaded (0 events):
No events

Classes redefined (0 events):
No events

Internal exceptions (0 events):
No events

VM Operations (0 events):
No events

Events (1 events):
Event: 0.011 Loaded shared library C:\Users\Emilio\.p2\pool\plugins\org.eclipse.justj.openjdk.hotspot.jre.full.win32.x86_64_18.0.1.v20220515-1614\jre\bin\java.dll


Dynamic libraries:
0x00007ff76eea0000 - 0x00007ff76eeae000 	C:\Users\Emilio\.p2\pool\plugins\org.eclipse.justj.openjdk.hotspot.jre.full.win32.x86_64_18.0.1.v20220515-1614\jre\bin\javaw.exe
0x00007ffe380d0000 - 0x00007ffe382c5000 	C:\WINDOWS\SYSTEM32\ntdll.dll
0x00007ffe373b0000 - 0x00007ffe3746e000 	C:\WINDOWS\System32\KERNEL32.DLL
0x00007ffe358b0000 - 0x00007ffe35b78000 	C:\WINDOWS\System32\KERNELBASE.dll
0x00007ffe35d10000 - 0x00007ffe35e10000 	C:\WINDOWS\System32\ucrtbase.dll
0x00007ffe162e0000 - 0x00007ffe162f9000 	C:\Users\Emilio\.p2\pool\plugins\org.eclipse.justj.openjdk.hotspot.jre.full.win32.x86_64_18.0.1.v20220515-1614\jre\bin\VCRUNTIME140.dll
0x00007ffe164d0000 - 0x00007ffe164e7000 	C:\Users\Emilio\.p2\pool\plugins\org.eclipse.justj.openjdk.hotspot.jre.full.win32.x86_64_18.0.1.v20220515-1614\jre\bin\jli.dll
0x00007ffe36f80000 - 0x00007ffe37120000 	C:\WINDOWS\System32\USER32.dll
0x00007ffe35ce0000 - 0x00007ffe35d02000 	C:\WINDOWS\System32\win32u.dll
0x00007ffe25b70000 - 0x00007ffe25e0a000 	C:\WINDOWS\WinSxS\amd64_microsoft.windows.common-controls_6595b64144ccf1df_6.0.19041.1110_none_60b5254171f9507e\COMCTL32.dll
0x00007ffe362a0000 - 0x00007ffe362ca000 	C:\WINDOWS\System32\GDI32.dll
0x00007ffe362d0000 - 0x00007ffe3636e000 	C:\WINDOWS\System32\msvcrt.dll
0x00007ffe35b80000 - 0x00007ffe35c8b000 	C:\WINDOWS\System32\gdi32full.dll
0x00007ffe35e10000 - 0x00007ffe35ead000 	C:\WINDOWS\System32\msvcp_win.dll
0x00007ffe38060000 - 0x00007ffe38090000 	C:\WINDOWS\System32\IMM32.DLL
0x00007ffe21f10000 - 0x00007ffe21f1c000 	C:\Users\Emilio\.p2\pool\plugins\org.eclipse.justj.openjdk.hotspot.jre.full.win32.x86_64_18.0.1.v20220515-1614\jre\bin\vcruntime140_1.dll
0x00007ffe02380000 - 0x00007ffe02411000 	C:\Users\Emilio\.p2\pool\plugins\org.eclipse.justj.openjdk.hotspot.jre.full.win32.x86_64_18.0.1.v20220515-1614\jre\bin\msvcp140.dll
0x00007ffdfbcf0000 - 0x00007ffdfc979000 	C:\Users\Emilio\.p2\pool\plugins\org.eclipse.justj.openjdk.hotspot.jre.full.win32.x86_64_18.0.1.v20220515-1614\jre\bin\server\jvm.dll
0x00007ffe361f0000 - 0x00007ffe3629e000 	C:\WINDOWS\System32\ADVAPI32.dll
0x00007ffe37ec0000 - 0x00007ffe37f5c000 	C:\WINDOWS\System32\sechost.dll
0x00007ffe36600000 - 0x00007ffe36725000 	C:\WINDOWS\System32\RPCRT4.dll
0x00007ffe38050000 - 0x00007ffe38058000 	C:\WINDOWS\System32\PSAPI.DLL
0x00007ffe1e9f0000 - 0x00007ffe1e9f9000 	C:\WINDOWS\SYSTEM32\WSOCK32.dll
0x00007ffe226d0000 - 0x00007ffe226f7000 	C:\WINDOWS\SYSTEM32\WINMM.dll
0x00007ffe36a90000 - 0x00007ffe36afb000 	C:\WINDOWS\System32\WS2_32.dll
0x00007ffe28a20000 - 0x00007ffe28a2a000 	C:\WINDOWS\SYSTEM32\VERSION.dll
0x00007ffe340f0000 - 0x00007ffe34102000 	C:\WINDOWS\SYSTEM32\kernel.appcore.dll
0x00007ffe1ca00000 - 0x00007ffe1ca0a000 	C:\Users\Emilio\.p2\pool\plugins\org.eclipse.justj.openjdk.hotspot.jre.full.win32.x86_64_18.0.1.v20220515-1614\jre\bin\jimage.dll
0x00007ffe33400000 - 0x00007ffe335e4000 	C:\WINDOWS\SYSTEM32\DBGHELP.DLL
0x00007ffe275c0000 - 0x00007ffe275ec000 	C:\WINDOWS\SYSTEM32\dbgcore.DLL
0x00007ffe35820000 - 0x00007ffe358a2000 	C:\WINDOWS\System32\bcryptPrimitives.dll
0x00007ffe0bbb0000 - 0x00007ffe0bbd5000 	C:\Users\Emilio\.p2\pool\plugins\org.eclipse.justj.openjdk.hotspot.jre.full.win32.x86_64_18.0.1.v20220515-1614\jre\bin\java.dll

dbghelp: loaded successfully - version: 4.0.5 - missing functions: none
symbol engine: initialized successfully - sym options: 0x614 - pdb path: .;C:\Users\Emilio\.p2\pool\plugins\org.eclipse.justj.openjdk.hotspot.jre.full.win32.x86_64_18.0.1.v20220515-1614\jre\bin;C:\WINDOWS\SYSTEM32;C:\WINDOWS\WinSxS\amd64_microsoft.windows.common-controls_6595b64144ccf1df_6.0.19041.1110_none_60b5254171f9507e;C:\Users\Emilio\.p2\pool\plugins\org.eclipse.justj.openjdk.hotspot.jre.full.win32.x86_64_18.0.1.v20220515-1614\jre\bin\server

VM Arguments:
jvm_args: --module-path=C:\Users\Emilio\Downloads\openjfx-18.0.1_windows-x64_bin-sdk\javafx-sdk-18.0.1\lib --add-modules=javafx.controls,javafx.fxml -Dfile.encoding=UTF-8 -XX:+ShowCodeDetailsInExceptionMessages 
java_command: jeu.Main
java_class_path (initial): C:\Users\Emilio\git\saePriankEmilio\bin;C:\Users\Emilio\.p2\pool\plugins\org.junit.jupiter.api_5.8.1.v20211018-1956.jar;C:\Users\Emilio\.p2\pool\plugins\org.junit.jupiter.engine_5.8.1.v20211018-1956.jar;C:\Users\Emilio\.p2\pool\plugins\org.junit.jupiter.migrationsupport_5.8.1.v20211018-1956.jar;C:\Users\Emilio\.p2\pool\plugins\org.junit.jupiter.params_5.8.1.v20211018-1956.jar;C:\Users\Emilio\.p2\pool\plugins\org.junit.platform.commons_1.8.1.v20211018-1956.jar;C:\Users\Emilio\.p2\pool\plugins\org.junit.platform.engine_1.8.1.v20211018-1956.jar;C:\Users\Emilio\.p2\pool\plugins\org.junit.platform.launcher_1.8.1.v20211018-1956.jar;C:\Users\Emilio\.p2\pool\plugins\org.junit.platform.runner_1.8.1.v20211018-1956.jar;C:\Users\Emilio\.p2\pool\plugins\org.junit.platform.suite.api_1.8.1.v20211018-1956.jar;C:\Users\Emilio\.p2\pool\plugins\org.junit.platform.suite.engine_1.8.1.v20211028-1957.jar;C:\Users\Emilio\.p2\pool\plugins\org.junit.platform.suite.commons_1.8.1.v20211018-1956.jar;C:\Users\Emilio\.p2\pool\plugins\org.junit.vintage.engine_5.8.1.v20211018-1956.jar;C:\Users\Emilio\.p2\pool\plugins\org.opentest4j_1.2.0.v20211018-1956.jar;C:\Users\Emilio\.p2\pool\plugins\org.apiguardian_1.1.2.v20211018-1956.jar;C:\Users\Emilio\.p2\pool\plugins\org.junit_4.13.2.v20211018-1956.jar;C:\Users\Emilio\.p2\pool\plugins\org.hamcrest.core_1.3.0.v20180420-1519.jar;C:\Users\Emilio\Downloads\openjfx-18.0.1_windows-x64_bin-sdk\javafx-sdk-18.0.1\lib\javafx.base.jar;C:\Users\Emilio\Downloads\openjfx-18.0.1_windows-x64_bin-sdk\javafx-sdk-18.0.1\lib\javafx.controls.jar;C:\Users\Emilio\Downloads\openjfx-18.0.1_windows-x64_bin-sdk\javafx-sdk-18.0.1\lib\javafx.fxml.jar;C:\Users\Emilio\Downloads\openjfx-18.0.1_windows-x64_bin-sdk\javafx-sdk-18.0.1\lib\javafx.graphics.jar;C:\Users\Emilio\Downloads\openjfx-18.0.1_windows-x64_bin-sdk\javafx-sdk-18.0.1\lib\javafx.media.jar;C:\Users\Emilio\Downloads\openjfx-18.0.1_windows-x64_bin-sdk\javafx-sdk-18.0.1\lib\javafx.swing.jar;C:\Users\Emilio\Downloads\openjfx-18.0.1_windows-x64_bin-sdk\javafx-sdk-18.0.1\lib\javafx.web.jar;C:\Users\Emilio\Downloads\openjfx-18.0.1_windows-x64_bin-sdk\javafx-sdk-18.0.1\lib\javafx-swt.jar
Launcher Type: SUN_STANDARD

[Global flags]
     intx CICompilerCount                          = 2                                         {product} {ergonomic}
     uint ConcGCThreads                            = 1                                         {product} {ergonomic}
     uint G1ConcRefinementThreads                  = 2                                         {product} {ergonomic}
   size_t G1HeapRegionSize                         = 1048576                                   {product} {ergonomic}
    uintx GCDrainStackTargetSize                   = 64                                        {product} {ergonomic}
   size_t InitialHeapSize                          = 65011712                                  {product} {ergonomic}
   size_t MarkStackSize                            = 4194304                                   {product} {ergonomic}
   size_t MaxHeapSize                              = 1035993088                                {product} {ergonomic}
   size_t MinHeapDeltaBytes                        = 1048576                                   {product} {ergonomic}
   size_t MinHeapSize                              = 8388608                                   {product} {ergonomic}
    uintx NonNMethodCodeHeapSize                   = 5826188                                {pd product} {ergonomic}
    uintx NonProfiledCodeHeapSize                  = 122916026                              {pd product} {ergonomic}
    uintx ProfiledCodeHeapSize                     = 122916026                              {pd product} {ergonomic}
    uintx ReservedCodeCacheSize                    = 251658240                              {pd product} {ergonomic}
     bool SegmentedCodeCache                       = true                                      {product} {ergonomic}
     bool ShowCodeDetailsInExceptionMessages       = true                                   {manageable} {command line}
   size_t SoftMaxHeapSize                          = 1035993088                             {manageable} {ergonomic}
     bool UseCompressedClassPointers               = true                           {product lp64_product} {ergonomic}
     bool UseCompressedOops                        = true                           {product lp64_product} {ergonomic}
     bool UseG1GC                                  = true                                      {product} {ergonomic}
     bool UseLargePagesIndividualAllocation        = false                                  {pd product} {ergonomic}

Logging:
Log output configuration:
 #0: stdout all=warning uptime,level,tags foldmultilines=false
 #1: stderr all=off uptime,level,tags foldmultilines=false

Environment Variables:
PATH=C:/Users/Emilio/.p2/pool/plugins/org.eclipse.justj.openjdk.hotspot.jre.full.win32.x86_64_18.0.1.v20220515-1614/jre/bin/server;C:/Users/Emilio/.p2/pool/plugins/org.eclipse.justj.openjdk.hotspot.jre.full.win32.x86_64_18.0.1.v20220515-1614/jre/bin;C:\WINDOWS\system32;C:\WINDOWS;C:\WINDOWS\System32\Wbem;C:\WINDOWS\System32\WindowsPowerShell\v1.0\;C:\WINDOWS\System32\OpenSSH\;C:\Users\Emilio\AppData\Local\Microsoft\WindowsApps;;C:\Users\Emilio\Desktop;
USERNAME=Emilio
OS=Windows_NT
PROCESSOR_IDENTIFIER=Intel64 Family 6 Model 42 Stepping 7, GenuineIntel



---------------  S Y S T E M  ---------------

OS:
 Windows 10 , 64 bit Build 19041 (10.0.19041.1645)
OS uptime: 1 days 7:29 hours

CPU: total 2 (initial active 2) (2 cores per cpu, 1 threads per core) family 6 model 42 stepping 7 microcode 0x2f, cx8, cmov, fxsr, mmx, sse, sse2, sse3, ssse3, sse4.1, sse4.2, popcnt, tsc, tscinvbit, clmul, clflush

Memory: 4k page, system-wide physical 3944M (437M free)
TotalPageFile size 16232M (AvailPageFile size 45M)
current process WorkingSet (physical memory assigned to process): 10M, peak: 10M
current process commit charge ("private bytes"): 47M, peak: 109M

vm_info: OpenJDK 64-Bit Server VM (18.0.1+10) for windows-amd64 JRE (18.0.1+10), built on Apr 20 2022 05:04:48 by "" with MS VC++ 16.7 (VS2019)

END.
